[admin] Backup de usuarios - Dia: 21/05/2021 - Hora: 11:46:22
Usuari Desconectat: admin - Dia: 21/05/2021 - Hora: 11:47:27
[carlos@gmail.com] Backup de usuarios - Dia: 21/05/2021 - Hora: 12:10:43
Usuari Administrador Conectat: carlos@gmail.com - Dia: 21/05/2021 - Hora: 13:38:03
[carlos@gmail.com] Usuari Modificat: pepe123@gmail.com - Dia: 21/05/2021 - Hora: 13:38:17
[carlos@gmail.com] Usuari Modificat: carlos@gmail.com - Dia: 21/05/2021 - Hora: 13:38:28
Usuari Desconectat: carlos@gmail.com - Dia: 21/05/2021 - Hora: 13:40:17
Usuari Administrador Conectat: admin@admin.com - Dia: 21/05/2021 - Hora: 13:42:35
[admin@admin.com] Backup d'Usuaris - Dia: 21/05/2021 - Hora: 13:49:48
Usuari Desconectat: admin@admin.com - Dia: 21/05/2021 - Hora: 13:50:06
Usuari Administrador Conectat: admin@admin.com - Dia: 21/05/2021 - Hora: 13:50:11
[admin@admin.com] Usuari Creat: zoro@zoro.com - Dia: 21/05/2021 - Hora: 13:54:50
[admin@admin.com] Usuari Modificat: zoro@zoro.com - Dia: 21/05/2021 - Hora: 13:55:56
[admin@admin.com] Usuari Eliminat:  - Dia: 21/05/2021 - Hora: 14:08:45
Usuari Desconectat: admin@admin.com - Dia: 21/05/2021 - Hora: 14:10:43
Usuari Administrador Conectat: carlos@gmail.com - Dia: 21/05/2021 - Hora: 18:33:30
Usuari Desconectat: carlos@gmail.com - Dia: 21/05/2021 - Hora: 18:34:47
Usuari Administrador Conectat: carlos@gmail.com - Dia: 21/05/2021 - Hora: 18:35:36
[carlos@gmail.com] Backup de usuarios - Dia: 21/05/2021 - Hora: 18:44:57
[carlos@gmail.com] Usuari Modificat: pepe123@gmail.com - Dia: 21/05/2021 - Hora: 19:01:15
Usuari Desconectat: carlos@gmail.com - Dia: 21/05/2021 - Hora: 19:19:42
Usuari Administrador Conectat: admin@admin.com - Dia: 21/05/2021 - Hora: 19:25:18
[admin@admin.com] Usuari Modificat: carlos@gmail.com - Dia: 21/05/2021 - Hora: 19:27:40
Usuari Administrador Conectat: admin@admin.com - Dia: 22/05/2021 - Hora: 12:02:28
[admin@admin.com] Usuari Modificat: carlos@gmail.com - Dia: 22/05/2021 - Hora: 12:02:39
[admin@admin.com] Usuari Modificat: carlos@gmail.com - Dia: 22/05/2021 - Hora: 12:04:44
[admin@admin.com] Usuari Modificat: carlos@gmail.com - Dia: 22/05/2021 - Hora: 12:05:20
[admin@admin.com] Usuari Modificat: carlos@gmail.com - Dia: 22/05/2021 - Hora: 12:08:54
[admin@admin.com] Usuari Modificat: carlos@gmail.com - Dia: 22/05/2021 - Hora: 12:09:14
Usuari Administrador Conectat: admin@admin.com - Dia: 22/05/2021 - Hora: 12:15:45
[admin@admin.com] Usuari Creat: prova12@gmail.com - Dia: 22/05/2021 - Hora: 12:17:25
[admin@admin.com] Usuari Modificat: prova12@gmail.com - Dia: 22/05/2021 - Hora: 12:17:40
[admin@admin.com] Usuari Modificat: pepe123@gmail.com - Dia: 22/05/2021 - Hora: 12:27:27
[admin@admin.com] Usuari Modificat: pepe123@gmail.com - Dia: 22/05/2021 - Hora: 12:27:43
Usuari Administrador Conectat: admin@admin.com - Dia: 22/05/2021 - Hora: 12:47:13
